<?xml version="1.0" encoding="UTF-8"?>
<coverage generated="1785943273026" clover="3.2.0">
  <project timestamp="1785943273026" name="All files">
    <metrics statements="67" coveredstatements="66" conditionals="104" coveredconditionals="94" methods="26" coveredmethods="26" elements="197" coveredelements="186" complexity="0" loc="67" ncloc="67" packages="1" files="2" classes="2"/>
    <file name="TextInput.ios.tsx" path="/Users/kazutoyo/Documents/Projects/expo-input-text/src/TextInput.ios.tsx">
      <metrics statements="58" coveredstatements="57" conditionals="102" coveredconditionals="92" methods="19" coveredmethods="19"/>
      <line num="22" count="8" type="stmt"/>
      <line num="32" count="1" type="stmt"/>
      <line num="35" count="37" type="stmt"/>
      <line num="36" count="37" type="stmt"/>
      <line num="37" count="5" type="cond" truecount="1" falsecount="1"/>
      <line num="38" count="0" type="stmt"/>
      <line num="41" count="37" type="stmt"/>
      <line num="46" count="518" type="cond" truecount="2" falsecount="0"/>
      <line num="53" count="1" type="stmt"/>
      <line num="92" count="1" type="stmt"/>
      <line num="103" count="1" type="stmt"/>
      <line num="164" count="37" type="stmt"/>
      <line num="166" count="37" type="cond" truecount="1" falsecount="1"/>
      <line num="167" count="37" type="stmt"/>
      <line num="170" count="37" type="stmt"/>
      <line num="171" count="37" type="stmt"/>
      <line num="173" count="37" type="cond" truecount="3" falsecount="0"/>
      <line num="178" count="37" type="stmt"/>
      <line num="179" count="37" type="cond" truecount="2" falsecount="0"/>
      <line num="180" count="6" type="stmt"/>
      <line num="184" count="37" type="stmt"/>
      <line num="190" count="37" type="stmt"/>
      <line num="192" count="37" type="stmt"/>
      <line num="194" count="6" type="stmt"/>
      <line num="196" count="1" type="cond" truecount="1" falsecount="1"/>
      <line num="199" count="1" type="cond" truecount="1" falsecount="1"/>
      <line num="202" count="1" type="cond" truecount="1" falsecount="1"/>
      <line num="204" count="3" type="stmt"/>
      <line num="206" count="1" type="cond" truecount="1" falsecount="1"/>
      <line num="212" count="37" type="stmt"/>
      <line num="213" count="37" type="stmt"/>
      <line num="214" count="37" type="stmt"/>
      <line num="215" count="34" type="cond" truecount="4" falsecount="0"/>
      <line num="216" count="32" type="stmt"/>
      <line num="218" count="2" type="cond" truecount="2" falsecount="0"/>
      <line num="221" count="37" type="cond" truecount="2" falsecount="0"/>
      <line num="222" count="37" type="stmt"/>
      <line num="224" count="37" type="cond" truecount="1" falsecount="1"/>
      <line num="225" count="37" type="stmt"/>
      <line num="228" count="37" type="cond" truecount="4" falsecount="0"/>
      <line num="229" count="37" type="stmt"/>
      <line num="231" count="37" type="stmt"/>
      <line num="284" count="5" type="stmt"/>
      <line num="285" count="5" type="stmt"/>
      <line num="286" count="5" type="stmt"/>
      <line num="287" count="5" type="stmt"/>
      <line num="288" count="5" type="cond" truecount="2" falsecount="0"/>
      <line num="289" count="2" type="stmt"/>
      <line num="293" count="2" type="stmt"/>
      <line num="294" count="2" type="stmt"/>
      <line num="297" count="3" type="stmt"/>
      <line num="298" count="3" type="stmt"/>
      <line num="299" count="3" type="stmt"/>
      <line num="300" count="3" type="stmt"/>
      <line num="305" count="1" type="stmt"/>
      <line num="313" count="1" type="stmt"/>
      <line num="324" count="1" type="stmt"/>
      <line num="337" count="1" type="stmt"/>
    </file>
    <file name="TextInput.tsx" path="/Users/kazutoyo/Documents/Projects/expo-input-text/src/TextInput.tsx">
      <metrics statements="9" coveredstatements="9" conditionals="2" coveredconditionals="2" methods="7" coveredmethods="7"/>
      <line num="16" count="9" type="stmt"/>
      <line num="18" count="9" type="stmt"/>
      <line num="20" count="4" type="stmt"/>
      <line num="21" count="1" type="stmt"/>
      <line num="22" count="1" type="stmt"/>
      <line num="23" count="1" type="stmt"/>
      <line num="24" count="2" type="cond" truecount="2" falsecount="0"/>
      <line num="25" count="1" type="stmt"/>
      <line num="32" count="9" type="stmt"/>
    </file>
  </project>
</coverage>
