{"/Users/kazutoyo/Documents/Projects/expo-input-text/src/TextInput.ios.tsx": {"path":"/Users/kazutoyo/Documents/Projects/expo-input-text/src/TextInput.ios.tsx","statementMap":{"0":{"start":{"line":22,"column":2},"end":{"line":22,"column":34}},"1":{"start":{"line":32,"column":43},"end":{"line":32,"column":97}},"2":{"start":{"line":35,"column":39},"end":{"line":35,"column":41}},"3":{"start":{"line":36,"column":2},"end":{"line":40,"column":3}},"4":{"start":{"line":37,"column":4},"end":{"line":39,"column":5}},"5":{"start":{"line":38,"column":6},"end":{"line":38,"column":23}},"6":{"start":{"line":41,"column":2},"end":{"line":41,"column":13}},"7":{"start":{"line":46,"column":2},"end":{"line":46,"column":21}},"8":{"start":{"line":53,"column":67},"end":{"line":90,"column":1}},"9":{"start":{"line":92,"column":60},"end":{"line":101,"column":1}},"10":{"start":{"line":103,"column":66},"end":{"line":111,"column":1}},"11":{"start":{"line":164,"column":6},"end":{"line":164,"column":11}},"12":{"start":{"line":166,"column":2},"end":{"line":168,"column":3}},"13":{"start":{"line":167,"column":4},"end":{"line":167,"column":84}},"14":{"start":{"line":170,"column":20},"end":{"line":170,"column":76}},"15":{"start":{"line":171,"column":23},"end":{"line":171,"column":36}},"16":{"start":{"line":173,"column":25},"end":{"line":173,"column":60}},"17":{"start":{"line":178,"column":23},"end":{"line":178,"column":36}},"18":{"start":{"line":179,"column":2},"end":{"line":181,"column":3}},"19":{"start":{"line":180,"column":4},"end":{"line":180,"column":33}},"20":{"start":{"line":184,"column":28},"end":{"line":184,"column":37}},"21":{"start":{"line":190,"column":39},"end":{"line":190,"column":74}},"22":{"start":{"line":190,"column":65},"end":{"line":190,"column":70}},"23":{"start":{"line":192,"column":2},"end":{"line":210,"column":4}},"24":{"start":{"line":194,"column":25},"end":{"line":208,"column":5}},"25":{"start":{"line":196,"column":8},"end":{"line":196,"column":65}},"26":{"start":{"line":196,"column":31},"end":{"line":196,"column":65}},"27":{"start":{"line":199,"column":8},"end":{"line":199,"column":64}},"28":{"start":{"line":199,"column":31},"end":{"line":199,"column":64}},"29":{"start":{"line":202,"column":8},"end":{"line":202,"column":65}},"30":{"start":{"line":202,"column":31},"end":{"line":202,"column":65}},"31":{"start":{"line":204,"column":23},"end":{"line":204,"column":43}},"32":{"start":{"line":206,"column":8},"end":{"line":206,"column":84}},"33":{"start":{"line":206,"column":31},"end":{"line":206,"column":84}},"34":{"start":{"line":212,"column":25},"end":{"line":212,"column":41}},"35":{"start":{"line":213,"column":23},"end":{"line":213,"column":37}},"36":{"start":{"line":214,"column":2},"end":{"line":219,"column":37}},"37":{"start":{"line":215,"column":4},"end":{"line":217,"column":5}},"38":{"start":{"line":216,"column":6},"end":{"line":216,"column":13}},"39":{"start":{"line":218,"column":4},"end":{"line":218,"column":93}},"40":{"start":{"line":221,"column":15},"end":{"line":221,"column":61}},"41":{"start":{"line":222,"column":72},"end":{"line":222,"column":88}},"42":{"start":{"line":224,"column":2},"end":{"line":226,"column":3}},"43":{"start":{"line":225,"column":4},"end":{"line":225,"column":47}},"44":{"start":{"line":228,"column":21},"end":{"line":228,"column":76}},"45":{"start":{"line":229,"column":23},"end":{"line":229,"column":49}},"46":{"start":{"line":231,"column":2},"end":{"line":341,"column":4}},"47":{"start":{"line":284,"column":21},"end":{"line":284,"column":43}},"48":{"start":{"line":285,"column":8},"end":{"line":285,"column":65}},"49":{"start":{"line":286,"column":8},"end":{"line":286,"column":29}},"50":{"start":{"line":287,"column":8},"end":{"line":287,"column":104}},"51":{"start":{"line":288,"column":8},"end":{"line":290,"column":9}},"52":{"start":{"line":289,"column":10},"end":{"line":289,"column":25}},"53":{"start":{"line":293,"column":8},"end":{"line":293,"column":36}},"54":{"start":{"line":294,"column":8},"end":{"line":294,"column":94}},"55":{"start":{"line":297,"column":8},"end":{"line":297,"column":37}},"56":{"start":{"line":298,"column":21},"end":{"line":298,"column":43}},"57":{"start":{"line":299,"column":8},"end":{"line":299,"column":69}},"58":{"start":{"line":300,"column":8},"end":{"line":300,"column":75}},"59":{"start":{"line":305,"column":14},"end":{"line":307,"column":15}},"60":{"start":{"line":313,"column":14},"end":{"line":318,"column":15}},"61":{"start":{"line":324,"column":14},"end":{"line":332,"column":15}},"62":{"start":{"line":337,"column":23},"end":{"line":337,"column":81}}},"fnMap":{"0":{"name":"syntheticEvent","decl":{"start":{"line":21,"column":9},"end":{"line":21,"column":23}},"loc":{"start":{"line":21,"column":43},"end":{"line":23,"column":1}},"line":21},"1":{"name":"forwardable","decl":{"start":{"line":34,"column":9},"end":{"line":34,"column":20}},"loc":{"start":{"line":34,"column":77},"end":{"line":42,"column":1}},"line":34},"2":{"name":"str","decl":{"start":{"line":45,"column":9},"end":{"line":45,"column":12}},"loc":{"start":{"line":45,"column":55},"end":{"line":47,"column":1}},"line":45},"3":{"name":"TextInput","decl":{"start":{"line":122,"column":16},"end":{"line":122,"column":25}},"loc":{"start":{"line":122,"column":49},"end":{"line":342,"column":1}},"line":122},"4":{"name":"(anonymous_4)","decl":{"start":{"line":190,"column":50},"end":{"line":190,"column":51}},"loc":{"start":{"line":190,"column":65},"end":{"line":190,"column":70}},"line":190},"5":{"name":"(anonymous_5)","decl":{"start":{"line":194,"column":4},"end":{"line":194,"column":5}},"loc":{"start":{"line":194,"column":25},"end":{"line":208,"column":5}},"line":194},"6":{"name":"(anonymous_6)","decl":{"start":{"line":195,"column":13},"end":{"line":195,"column":14}},"loc":{"start":{"line":195,"column":19},"end":{"line":197,"column":7}},"line":195},"7":{"name":"(anonymous_7)","decl":{"start":{"line":198,"column":12},"end":{"line":198,"column":13}},"loc":{"start":{"line":198,"column":18},"end":{"line":200,"column":7}},"line":198},"8":{"name":"(anonymous_8)","decl":{"start":{"line":201,"column":13},"end":{"line":201,"column":14}},"loc":{"start":{"line":201,"column":19},"end":{"line":203,"column":7}},"line":201},"9":{"name":"(anonymous_9)","decl":{"start":{"line":204,"column":17},"end":{"line":204,"column":18}},"loc":{"start":{"line":204,"column":23},"end":{"line":204,"column":43}},"line":204},"10":{"name":"(anonymous_10)","decl":{"start":{"line":205,"column":20},"end":{"line":205,"column":21}},"loc":{"start":{"line":205,"column":52},"end":{"line":207,"column":7}},"line":205},"11":{"name":"(anonymous_11)","decl":{"start":{"line":214,"column":12},"end":{"line":214,"column":13}},"loc":{"start":{"line":214,"column":18},"end":{"line":219,"column":3}},"line":214},"12":{"name":"(anonymous_12)","decl":{"start":{"line":283,"column":20},"end":{"line":283,"column":21}},"loc":{"start":{"line":283,"column":31},"end":{"line":291,"column":7}},"line":283},"13":{"name":"(anonymous_13)","decl":{"start":{"line":292,"column":20},"end":{"line":292,"column":21}},"loc":{"start":{"line":292,"column":31},"end":{"line":295,"column":7}},"line":292},"14":{"name":"(anonymous_14)","decl":{"start":{"line":296,"column":19},"end":{"line":296,"column":20}},"loc":{"start":{"line":296,"column":30},"end":{"line":301,"column":7}},"line":296},"15":{"name":"(anonymous_15)","decl":{"start":{"line":304,"column":12},"end":{"line":304,"column":13}},"loc":{"start":{"line":305,"column":14},"end":{"line":307,"column":15}},"line":305},"16":{"name":"(anonymous_16)","decl":{"start":{"line":312,"column":12},"end":{"line":312,"column":13}},"loc":{"start":{"line":313,"column":14},"end":{"line":318,"column":15}},"line":313},"17":{"name":"(anonymous_17)","decl":{"start":{"line":323,"column":12},"end":{"line":323,"column":13}},"loc":{"start":{"line":324,"column":14},"end":{"line":332,"column":15}},"line":324},"18":{"name":"(anonymous_18)","decl":{"start":{"line":337,"column":12},"end":{"line":337,"column":13}},"loc":{"start":{"line":337,"column":23},"end":{"line":337,"column":81}},"line":337}},"branchMap":{"0":{"loc":{"start":{"line":37,"column":4},"end":{"line":39,"column":5}},"type":"if","locations":[{"start":{"line":37,"column":4},"end":{"line":39,"column":5}},{"start":{},"end":{}}],"line":37},"1":{"loc":{"start":{"line":46,"column":9},"end":{"line":46,"column":20}},"type":"binary-expr","locations":[{"start":{"line":46,"column":9},"end":{"line":46,"column":14}},{"start":{"line":46,"column":18},"end":{"line":46,"column":20}}],"line":46},"2":{"loc":{"start":{"line":166,"column":2},"end":{"line":168,"column":3}},"type":"if","locations":[{"start":{"line":166,"column":2},"end":{"line":168,"column":3}},{"start":{},"end":{}}],"line":166},"3":{"loc":{"start":{"line":173,"column":32},"end":{"line":173,"column":59}},"type":"binary-expr","locations":[{"start":{"line":173,"column":32},"end":{"line":173,"column":37}},{"start":{"line":173,"column":41},"end":{"line":173,"column":53}},{"start":{"line":173,"column":57},"end":{"line":173,"column":59}}],"line":173},"4":{"loc":{"start":{"line":179,"column":2},"end":{"line":181,"column":3}},"type":"if","locations":[{"start":{"line":179,"column":2},"end":{"line":181,"column":3}},{"start":{},"end":{}}],"line":179},"5":{"loc":{"start":{"line":196,"column":8},"end":{"line":196,"column":65}},"type":"if","locations":[{"start":{"line":196,"column":8},"end":{"line":196,"column":65}},{"start":{},"end":{}}],"line":196},"6":{"loc":{"start":{"line":199,"column":8},"end":{"line":199,"column":64}},"type":"if","locations":[{"start":{"line":199,"column":8},"end":{"line":199,"column":64}},{"start":{},"end":{}}],"line":199},"7":{"loc":{"start":{"line":202,"column":8},"end":{"line":202,"column":65}},"type":"if","locations":[{"start":{"line":202,"column":8},"end":{"line":202,"column":65}},{"start":{},"end":{}}],"line":202},"8":{"loc":{"start":{"line":206,"column":8},"end":{"line":206,"column":84}},"type":"if","locations":[{"start":{"line":206,"column":8},"end":{"line":206,"column":84}},{"start":{},"end":{}}],"line":206},"9":{"loc":{"start":{"line":215,"column":4},"end":{"line":217,"column":5}},"type":"if","locations":[{"start":{"line":215,"column":4},"end":{"line":217,"column":5}},{"start":{},"end":{}}],"line":215},"10":{"loc":{"start":{"line":215,"column":8},"end":{"line":215,"column":58}},"type":"binary-expr","locations":[{"start":{"line":215,"column":8},"end":{"line":215,"column":36}},{"start":{"line":215,"column":40},"end":{"line":215,"column":58}}],"line":215},"11":{"loc":{"start":{"line":218,"column":61},"end":{"line":218,"column":91}},"type":"binary-expr","locations":[{"start":{"line":218,"column":61},"end":{"line":218,"column":73}},{"start":{"line":218,"column":77},"end":{"line":218,"column":91}}],"line":218},"12":{"loc":{"start":{"line":221,"column":16},"end":{"line":221,"column":47}},"type":"binary-expr","locations":[{"start":{"line":221,"column":16},"end":{"line":221,"column":41}},{"start":{"line":221,"column":45},"end":{"line":221,"column":47}}],"line":221},"13":{"loc":{"start":{"line":224,"column":2},"end":{"line":226,"column":3}},"type":"if","locations":[{"start":{"line":224,"column":2},"end":{"line":226,"column":3}},{"start":{},"end":{}}],"line":224},"14":{"loc":{"start":{"line":228,"column":21},"end":{"line":228,"column":76}},"type":"binary-expr","locations":[{"start":{"line":228,"column":21},"end":{"line":228,"column":29}},{"start":{"line":228,"column":34},"end":{"line":228,"column":75}}],"line":228},"15":{"loc":{"start":{"line":228,"column":34},"end":{"line":228,"column":75}},"type":"cond-expr","locations":[{"start":{"line":228,"column":59},"end":{"line":228,"column":63}},{"start":{"line":228,"column":66},"end":{"line":228,"column":75}}],"line":228},"16":{"loc":{"start":{"line":240,"column":12},"end":{"line":240,"column":67}},"type":"binary-expr","locations":[{"start":{"line":240,"column":12},"end":{"line":240,"column":17}},{"start":{"line":240,"column":21},"end":{"line":240,"column":41}},{"start":{"line":240,"column":45},"end":{"line":240,"column":67}}],"line":240},"17":{"loc":{"start":{"line":244,"column":28},"end":{"line":244,"column":61}},"type":"binary-expr","locations":[{"start":{"line":244,"column":28},"end":{"line":244,"column":48}},{"start":{"line":244,"column":52},"end":{"line":244,"column":61}}],"line":244},"18":{"loc":{"start":{"line":245,"column":17},"end":{"line":245,"column":35}},"type":"binary-expr","locations":[{"start":{"line":245,"column":17},"end":{"line":245,"column":26}},{"start":{"line":245,"column":30},"end":{"line":245,"column":35}}],"line":245},"19":{"loc":{"start":{"line":246,"column":17},"end":{"line":246,"column":31}},"type":"binary-expr","locations":[{"start":{"line":246,"column":17},"end":{"line":246,"column":26}},{"start":{"line":246,"column":30},"end":{"line":246,"column":31}}],"line":246},"20":{"loc":{"start":{"line":248,"column":17},"end":{"line":248,"column":35}},"type":"binary-expr","locations":[{"start":{"line":248,"column":17},"end":{"line":248,"column":26}},{"start":{"line":248,"column":30},"end":{"line":248,"column":35}}],"line":248},"21":{"loc":{"start":{"line":249,"column":25},"end":{"line":249,"column":51}},"type":"binary-expr","locations":[{"start":{"line":249,"column":25},"end":{"line":249,"column":42}},{"start":{"line":249,"column":46},"end":{"line":249,"column":51}}],"line":249},"22":{"loc":{"start":{"line":250,"column":24},"end":{"line":250,"column":49}},"type":"binary-expr","locations":[{"start":{"line":250,"column":24},"end":{"line":250,"column":40}},{"start":{"line":250,"column":44},"end":{"line":250,"column":49}}],"line":250},"23":{"loc":{"start":{"line":252,"column":19},"end":{"line":252,"column":39}},"type":"binary-expr","locations":[{"start":{"line":252,"column":19},"end":{"line":252,"column":30}},{"start":{"line":252,"column":34},"end":{"line":252,"column":39}}],"line":252},"24":{"loc":{"start":{"line":253,"column":22},"end":{"line":253,"column":49}},"type":"binary-expr","locations":[{"start":{"line":253,"column":22},"end":{"line":253,"column":36}},{"start":{"line":253,"column":40},"end":{"line":253,"column":49}}],"line":253},"25":{"loc":{"start":{"line":254,"column":24},"end":{"line":254,"column":104}},"type":"binary-expr","locations":[{"start":{"line":254,"column":24},"end":{"line":254,"column":36}},{"start":{"line":254,"column":41},"end":{"line":254,"column":103}}],"line":254},"26":{"loc":{"start":{"line":254,"column":41},"end":{"line":254,"column":103}},"type":"cond-expr","locations":[{"start":{"line":254,"column":53},"end":{"line":254,"column":91}},{"start":{"line":254,"column":94},"end":{"line":254,"column":103}}],"line":254},"27":{"loc":{"start":{"line":256,"column":8},"end":{"line":256,"column":101}},"type":"binary-expr","locations":[{"start":{"line":256,"column":8},"end":{"line":256,"column":21}},{"start":{"line":256,"column":26},"end":{"line":256,"column":100}}],"line":256},"28":{"loc":{"start":{"line":256,"column":26},"end":{"line":256,"column":100}},"type":"cond-expr","locations":[{"start":{"line":256,"column":41},"end":{"line":256,"column":88}},{"start":{"line":256,"column":91},"end":{"line":256,"column":100}}],"line":256},"29":{"loc":{"start":{"line":259,"column":19},"end":{"line":259,"column":38}},"type":"binary-expr","locations":[{"start":{"line":259,"column":19},"end":{"line":259,"column":30}},{"start":{"line":259,"column":34},"end":{"line":259,"column":38}}],"line":259},"30":{"loc":{"start":{"line":260,"column":18},"end":{"line":260,"column":79}},"type":"cond-expr","locations":[{"start":{"line":260,"column":45},"end":{"line":260,"column":51}},{"start":{"line":260,"column":54},"end":{"line":260,"column":79}}],"line":260},"31":{"loc":{"start":{"line":260,"column":54},"end":{"line":260,"column":79}},"type":"cond-expr","locations":[{"start":{"line":260,"column":67},"end":{"line":260,"column":72}},{"start":{"line":260,"column":75},"end":{"line":260,"column":79}}],"line":260},"32":{"loc":{"start":{"line":262,"column":37},"end":{"line":262,"column":75}},"type":"binary-expr","locations":[{"start":{"line":262,"column":37},"end":{"line":262,"column":66}},{"start":{"line":262,"column":70},"end":{"line":262,"column":75}}],"line":262},"33":{"loc":{"start":{"line":264,"column":8},"end":{"line":264,"column":104}},"type":"binary-expr","locations":[{"start":{"line":264,"column":8},"end":{"line":264,"column":23}},{"start":{"line":264,"column":28},"end":{"line":264,"column":103}}],"line":264},"34":{"loc":{"start":{"line":264,"column":28},"end":{"line":264,"column":103}},"type":"cond-expr","locations":[{"start":{"line":264,"column":43},"end":{"line":264,"column":91}},{"start":{"line":264,"column":94},"end":{"line":264,"column":103}}],"line":264},"35":{"loc":{"start":{"line":266,"column":21},"end":{"line":266,"column":53}},"type":"binary-expr","locations":[{"start":{"line":266,"column":21},"end":{"line":266,"column":30}},{"start":{"line":266,"column":34},"end":{"line":266,"column":53}}],"line":266},"36":{"loc":{"start":{"line":267,"column":16},"end":{"line":267,"column":40}},"type":"binary-expr","locations":[{"start":{"line":267,"column":16},"end":{"line":267,"column":34}},{"start":{"line":267,"column":38},"end":{"line":267,"column":40}}],"line":267},"37":{"loc":{"start":{"line":271,"column":13},"end":{"line":271,"column":41}},"type":"binary-expr","locations":[{"start":{"line":271,"column":13},"end":{"line":271,"column":28}},{"start":{"line":271,"column":32},"end":{"line":271,"column":41}}],"line":271},"38":{"loc":{"start":{"line":272,"column":18},"end":{"line":272,"column":43}},"type":"binary-expr","locations":[{"start":{"line":272,"column":18},"end":{"line":272,"column":38}},{"start":{"line":272,"column":42},"end":{"line":272,"column":43}}],"line":272},"39":{"loc":{"start":{"line":273,"column":21},"end":{"line":273,"column":49}},"type":"binary-expr","locations":[{"start":{"line":273,"column":21},"end":{"line":273,"column":44}},{"start":{"line":273,"column":48},"end":{"line":273,"column":49}}],"line":273},"40":{"loc":{"start":{"line":275,"column":27},"end":{"line":275,"column":69}},"type":"binary-expr","locations":[{"start":{"line":275,"column":27},"end":{"line":275,"column":56}},{"start":{"line":275,"column":60},"end":{"line":275,"column":69}}],"line":275},"41":{"loc":{"start":{"line":277,"column":23},"end":{"line":277,"column":61}},"type":"binary-expr","locations":[{"start":{"line":277,"column":23},"end":{"line":277,"column":48}},{"start":{"line":277,"column":52},"end":{"line":277,"column":61}}],"line":277},"42":{"loc":{"start":{"line":278,"column":29},"end":{"line":278,"column":53}},"type":"binary-expr","locations":[{"start":{"line":278,"column":29},"end":{"line":278,"column":48}},{"start":{"line":278,"column":52},"end":{"line":278,"column":53}}],"line":278},"43":{"loc":{"start":{"line":279,"column":30},"end":{"line":279,"column":55}},"type":"binary-expr","locations":[{"start":{"line":279,"column":30},"end":{"line":279,"column":50}},{"start":{"line":279,"column":54},"end":{"line":279,"column":55}}],"line":279},"44":{"loc":{"start":{"line":280,"column":24},"end":{"line":280,"column":55}},"type":"binary-expr","locations":[{"start":{"line":280,"column":24},"end":{"line":280,"column":50}},{"start":{"line":280,"column":54},"end":{"line":280,"column":55}}],"line":280},"45":{"loc":{"start":{"line":288,"column":8},"end":{"line":290,"column":9}},"type":"if","locations":[{"start":{"line":288,"column":8},"end":{"line":290,"column":9}},{"start":{},"end":{}}],"line":288},"46":{"loc":{"start":{"line":303,"column":8},"end":{"line":308,"column":21}},"type":"cond-expr","locations":[{"start":{"line":304,"column":12},"end":{"line":307,"column":15}},{"start":{"line":308,"column":12},"end":{"line":308,"column":21}}],"line":303},"47":{"loc":{"start":{"line":311,"column":8},"end":{"line":319,"column":21}},"type":"cond-expr","locations":[{"start":{"line":312,"column":12},"end":{"line":318,"column":15}},{"start":{"line":319,"column":12},"end":{"line":319,"column":21}}],"line":311},"48":{"loc":{"start":{"line":322,"column":8},"end":{"line":333,"column":21}},"type":"cond-expr","locations":[{"start":{"line":323,"column":12},"end":{"line":332,"column":15}},{"start":{"line":333,"column":12},"end":{"line":333,"column":21}}],"line":322},"49":{"loc":{"start":{"line":336,"column":8},"end":{"line":338,"column":21}},"type":"cond-expr","locations":[{"start":{"line":337,"column":12},"end":{"line":337,"column":81}},{"start":{"line":338,"column":12},"end":{"line":338,"column":21}}],"line":336}},"s":{"0":8,"1":1,"2":37,"3":37,"4":5,"5":0,"6":37,"7":518,"8":1,"9":1,"10":1,"11":37,"12":37,"13":37,"14":37,"15":37,"16":37,"17":37,"18":37,"19":6,"20":37,"21":37,"22":2,"23":37,"24":6,"25":1,"26":1,"27":1,"28":1,"29":1,"30":1,"31":3,"32":1,"33":1,"34":37,"35":37,"36":37,"37":34,"38":32,"39":2,"40":37,"41":37,"42":37,"43":37,"44":37,"45":37,"46":37,"47":5,"48":5,"49":5,"50":5,"51":5,"52":2,"53":2,"54":2,"55":3,"56":3,"57":3,"58":3,"59":1,"60":1,"61":1,"62":1},"f":{"0":8,"1":37,"2":518,"3":37,"4":2,"5":6,"6":1,"7":1,"8":1,"9":3,"10":1,"11":34,"12":5,"13":2,"14":3,"15":1,"16":1,"17":1,"18":1},"b":{"0":[0,5],"1":[518,515],"2":[37,0],"3":[37,31,30],"4":[6,31],"5":[1,0],"6":[1,0],"7":[1,0],"8":[1,0],"9":[32,2],"10":[34,2],"11":[2,1],"12":[37,36],"13":[37,0],"14":[37,37],"15":[36,1],"16":[37,31,30],"17":[37,37],"18":[37,37],"19":[37,37],"20":[37,37],"21":[37,37],"22":[37,37],"23":[37,37],"24":[37,37],"25":[37,37],"26":[1,36],"27":[37,37],"28":[1,36],"29":[37,37],"30":[37,0],"31":[0,0],"32":[37,37],"33":[37,37],"34":[1,36],"35":[37,37],"36":[37,36],"37":[37,36],"38":[37,37],"39":[37,37],"40":[37,37],"41":[37,37],"42":[37,37],"43":[37,37],"44":[37,37],"45":[2,3],"46":[1,36],"47":[1,36],"48":[1,36],"49":[1,36]},"_coverageSchema":"1a1c01bbd47fc00a2c39e90264f33305004495a9","hash":"53fe4edfaa4680bba70357097d298388b07e5212"}
,"/Users/kazutoyo/Documents/Projects/expo-input-text/src/TextInput.tsx": {"path":"/Users/kazutoyo/Documents/Projects/expo-input-text/src/TextInput.tsx","statementMap":{"0":{"start":{"line":16,"column":19},"end":{"line":16,"column":44}},"1":{"start":{"line":18,"column":2},"end":{"line":28,"column":4}},"2":{"start":{"line":20,"column":25},"end":{"line":26,"column":5}},"3":{"start":{"line":21,"column":19},"end":{"line":21,"column":44}},"4":{"start":{"line":22,"column":18},"end":{"line":22,"column":42}},"5":{"start":{"line":23,"column":19},"end":{"line":23,"column":44}},"6":{"start":{"line":24,"column":23},"end":{"line":24,"column":61}},"7":{"start":{"line":25,"column":52},"end":{"line":25,"column":96}},"8":{"start":{"line":32,"column":2},"end":{"line":32,"column":73}}},"fnMap":{"0":{"name":"TextInput","decl":{"start":{"line":15,"column":16},"end":{"line":15,"column":25}},"loc":{"start":{"line":15,"column":61},"end":{"line":33,"column":1}},"line":15},"1":{"name":"(anonymous_1)","decl":{"start":{"line":20,"column":4},"end":{"line":20,"column":5}},"loc":{"start":{"line":20,"column":25},"end":{"line":26,"column":5}},"line":20},"2":{"name":"(anonymous_2)","decl":{"start":{"line":21,"column":13},"end":{"line":21,"column":14}},"loc":{"start":{"line":21,"column":19},"end":{"line":21,"column":44}},"line":21},"3":{"name":"(anonymous_3)","decl":{"start":{"line":22,"column":12},"end":{"line":22,"column":13}},"loc":{"start":{"line":22,"column":18},"end":{"line":22,"column":42}},"line":22},"4":{"name":"(anonymous_4)","decl":{"start":{"line":23,"column":13},"end":{"line":23,"column":14}},"loc":{"start":{"line":23,"column":19},"end":{"line":23,"column":44}},"line":23},"5":{"name":"(anonymous_5)","decl":{"start":{"line":24,"column":17},"end":{"line":24,"column":18}},"loc":{"start":{"line":24,"column":23},"end":{"line":24,"column":61}},"line":24},"6":{"name":"(anonymous_6)","decl":{"start":{"line":25,"column":20},"end":{"line":25,"column":21}},"loc":{"start":{"line":25,"column":52},"end":{"line":25,"column":96}},"line":25}},"branchMap":{"0":{"loc":{"start":{"line":24,"column":23},"end":{"line":24,"column":61}},"type":"binary-expr","locations":[{"start":{"line":24,"column":23},"end":{"line":24,"column":52}},{"start":{"line":24,"column":56},"end":{"line":24,"column":61}}],"line":24}},"s":{"0":9,"1":9,"2":4,"3":1,"4":1,"5":1,"6":2,"7":1,"8":9},"f":{"0":9,"1":4,"2":1,"3":1,"4":1,"5":2,"6":1},"b":{"0":[2,2]},"_coverageSchema":"1a1c01bbd47fc00a2c39e90264f33305004495a9","hash":"1a044cdb2ba0be05360eb34d0e21b4a3a00ebb47"}
}
