TN:
SF:src/TextInput.ios.tsx
FN:21,syntheticEvent
FN:34,forwardable
FN:45,str
FN:122,TextInput
FN:190,(anonymous_4)
FN:194,(anonymous_5)
FN:195,(anonymous_6)
FN:198,(anonymous_7)
FN:201,(anonymous_8)
FN:204,(anonymous_9)
FN:205,(anonymous_10)
FN:214,(anonymous_11)
FN:283,(anonymous_12)
FN:292,(anonymous_13)
FN:296,(anonymous_14)
FN:304,(anonymous_15)
FN:312,(anonymous_16)
FN:323,(anonymous_17)
FN:337,(anonymous_18)
FNF:19
FNH:19
FNDA:8,syntheticEvent
FNDA:37,forwardable
FNDA:518,str
FNDA:37,TextInput
FNDA:2,(anonymous_4)
FNDA:6,(anonymous_5)
FNDA:1,(anonymous_6)
FNDA:1,(anonymous_7)
FNDA:1,(anonymous_8)
FNDA:3,(anonymous_9)
FNDA:1,(anonymous_10)
FNDA:34,(anonymous_11)
FNDA:5,(anonymous_12)
FNDA:2,(anonymous_13)
FNDA:3,(anonymous_14)
FNDA:1,(anonymous_15)
FNDA:1,(anonymous_16)
FNDA:1,(anonymous_17)
FNDA:1,(anonymous_18)
DA:22,8
DA:32,1
DA:35,37
DA:36,37
DA:37,5
DA:38,0
DA:41,37
DA:46,518
DA:53,1
DA:92,1
DA:103,1
DA:164,37
DA:166,37
DA:167,37
DA:170,37
DA:171,37
DA:173,37
DA:178,37
DA:179,37
DA:180,6
DA:184,37
DA:190,37
DA:192,37
DA:194,6
DA:196,1
DA:199,1
DA:202,1
DA:204,3
DA:206,1
DA:212,37
DA:213,37
DA:214,37
DA:215,34
DA:216,32
DA:218,2
DA:221,37
DA:222,37
DA:224,37
DA:225,37
DA:228,37
DA:229,37
DA:231,37
DA:284,5
DA:285,5
DA:286,5
DA:287,5
DA:288,5
DA:289,2
DA:293,2
DA:294,2
DA:297,3
DA:298,3
DA:299,3
DA:300,3
DA:305,1
DA:313,1
DA:324,1
DA:337,1
LF:58
LH:57
BRDA:37,0,0,0
BRDA:37,0,1,5
BRDA:46,1,0,518
BRDA:46,1,1,515
BRDA:166,2,0,37
BRDA:166,2,1,0
BRDA:173,3,0,37
BRDA:173,3,1,31
BRDA:173,3,2,30
BRDA:179,4,0,6
BRDA:179,4,1,31
BRDA:196,5,0,1
BRDA:196,5,1,0
BRDA:199,6,0,1
BRDA:199,6,1,0
BRDA:202,7,0,1
BRDA:202,7,1,0
BRDA:206,8,0,1
BRDA:206,8,1,0
BRDA:215,9,0,32
BRDA:215,9,1,2
BRDA:215,10,0,34
BRDA:215,10,1,2
BRDA:218,11,0,2
BRDA:218,11,1,1
BRDA:221,12,0,37
BRDA:221,12,1,36
BRDA:224,13,0,37
BRDA:224,13,1,0
BRDA:228,14,0,37
BRDA:228,14,1,37
BRDA:228,15,0,36
BRDA:228,15,1,1
BRDA:240,16,0,37
BRDA:240,16,1,31
BRDA:240,16,2,30
BRDA:244,17,0,37
BRDA:244,17,1,37
BRDA:245,18,0,37
BRDA:245,18,1,37
BRDA:246,19,0,37
BRDA:246,19,1,37
BRDA:248,20,0,37
BRDA:248,20,1,37
BRDA:249,21,0,37
BRDA:249,21,1,37
BRDA:250,22,0,37
BRDA:250,22,1,37
BRDA:252,23,0,37
BRDA:252,23,1,37
BRDA:253,24,0,37
BRDA:253,24,1,37
BRDA:254,25,0,37
BRDA:254,25,1,37
BRDA:254,26,0,1
BRDA:254,26,1,36
BRDA:256,27,0,37
BRDA:256,27,1,37
BRDA:256,28,0,1
BRDA:256,28,1,36
BRDA:259,29,0,37
BRDA:259,29,1,37
BRDA:260,30,0,37
BRDA:260,30,1,0
BRDA:260,31,0,0
BRDA:260,31,1,0
BRDA:262,32,0,37
BRDA:262,32,1,37
BRDA:264,33,0,37
BRDA:264,33,1,37
BRDA:264,34,0,1
BRDA:264,34,1,36
BRDA:266,35,0,37
BRDA:266,35,1,37
BRDA:267,36,0,37
BRDA:267,36,1,36
BRDA:271,37,0,37
BRDA:271,37,1,36
BRDA:272,38,0,37
BRDA:272,38,1,37
BRDA:273,39,0,37
BRDA:273,39,1,37
BRDA:275,40,0,37
BRDA:275,40,1,37
BRDA:277,41,0,37
BRDA:277,41,1,37
BRDA:278,42,0,37
BRDA:278,42,1,37
BRDA:279,43,0,37
BRDA:279,43,1,37
BRDA:280,44,0,37
BRDA:280,44,1,37
BRDA:288,45,0,2
BRDA:288,45,1,3
BRDA:303,46,0,1
BRDA:303,46,1,36
BRDA:311,47,0,1
BRDA:311,47,1,36
BRDA:322,48,0,1
BRDA:322,48,1,36
BRDA:336,49,0,1
BRDA:336,49,1,36
BRF:102
BRH:92
end_of_record
TN:
SF:src/TextInput.tsx
FN:15,TextInput
FN:20,(anonymous_1)
FN:21,(anonymous_2)
FN:22,(anonymous_3)
FN:23,(anonymous_4)
FN:24,(anonymous_5)
FN:25,(anonymous_6)
FNF:7
FNH:7
FNDA:9,TextInput
FNDA:4,(anonymous_1)
FNDA:1,(anonymous_2)
FNDA:1,(anonymous_3)
FNDA:1,(anonymous_4)
FNDA:2,(anonymous_5)
FNDA:1,(anonymous_6)
DA:16,9
DA:18,9
DA:20,4
DA:21,1
DA:22,1
DA:23,1
DA:24,2
DA:25,1
DA:32,9
LF:9
LH:9
BRDA:24,0,0,2
BRDA:24,0,1,2
BRF:2
BRH:2
end_of_record
